<?xml version="1.0" encoding="UTF-8"?>
<!-- Generated by org.testng.reporters.JUnitReportReporter -->
<testsuite hostname="DESKTOP-FHM8NK9" failures="0" tests="1" name="ecommerse.Flickcart" time="11.381" errors="0" timestamp="2024-01-14T09:38:22 IST" skipped="0">
  <testcase classname="ecommerse.Flickcart" name="flipcartTest" time="11.381">
    <system-out>
      <![CDATA[Opening flipcart]]>
    </system-out>
  </testcase> <!-- flipcartTest -->
  <system-out>
    <![CDATA[opening amazon
Opening Ajio
Opening flipcart]]>
  </system-out>
</testsuite> <!-- ecommerse.Flickcart -->
