<?xml version="1.0" encoding="UTF-8"?>
<!-- Generated by org.testng.reporters.JUnitReportReporter -->
<testsuite hostname="DESKTOP-FHM8NK9" failures="0" tests="1" name="ecommerse.Amazon" time="12.070" errors="0" timestamp="2024-01-14T09:38:22 IST" skipped="0">
  <testcase classname="ecommerse.Amazon" name="amazonTEst" time="12.070">
    <system-out>
      <![CDATA[opening amazon]]>
    </system-out>
  </testcase> <!-- amazonTEst -->
  <system-out>
    <![CDATA[opening amazon
Opening Ajio
Opening flipcart]]>
  </system-out>
</testsuite> <!-- ecommerse.Amazon -->
